# JRE version: OpenJDK Runtime Environment Temurin-21.0.11+10 (21.0.11+10) (build 21.0.11+10-LTS)
# Java VM: OpenJDK 64-Bit Server VM Temurin-21.0.11+10 (21.0.11+10-LTS, mixed mode, sharing, tiered, compressed oops, compressed class ptrs, parallel gc, windows-amd64)
GC Precious Log:
 CardTable entry size: 512
 CPUs: 12 total, 12 available
 Memory: 15710M
 Large Page Support: Disabled
 NUMA Support: Disabled
 Compressed Oops: Enabled (32-bit)
 Alignments: Space 512K, Generation 512K, Heap 2M
 Heap Min Capacity: 100M
 Heap Initial Capacity: 100M
 Heap Max Capacity: 2G
 Pre-touch: Disabled
 Parallel Workers: 10
Heap:
 PSYoungGen      total 19456K, used 16310K [0x00000000d5580000, 0x00000000d6e80000, 0x0000000100000000)
  eden space 16384K, 81% used [0x00000000d5580000,0x00000000d6292340,0x00000000d6580000)
  from space 3072K, 95% used [0x00000000d6b80000,0x00000000d6e5b690,0x00000000d6e80000)
  to   space 4096K, 0% used [0x00000000d6680000,0x00000000d6680000,0x00000000d6a80000)
 ParOldGen       total 68608K, used 48304K [0x0000000080000000, 0x0000000084300000, 0x00000000d5580000)
  object space 68608K, 70% used [0x0000000080000000,0x0000000082f2c3a8,0x0000000084300000)
 Metaspace       used 60757K, committed 62336K, reserved 1114112K
  class space    used 6738K, committed 7424K, reserved 1048576K
GC Heap History (20 events):
Event: 10.256 GC heap after
{Heap after GC invocations=27 (full 2):
 PSYoungGen      total 22528K, used 2481K [0x00000000d5580000, 0x00000000d6f00000, 0x0000000100000000)
  eden space 19968K, 0% used [0x00000000d5580000,0x00000000d5580000,0x00000000d6900000)
  from space 2560K, 96% used [0x00000000d6900000,0x00000000d6b6c420,0x00000000d6b80000)
  to   space 3072K, 0% used [0x00000000d6c00000,0x00000000d6c00000,0x00000000d6f00000)
 ParOldGen       total 68608K, used 33558K [0x0000000080000000, 0x0000000084300000, 0x00000000d5580000)
  object space 68608K, 48% used [0x0000000080000000,0x00000000820c5828,0x0000000084300000)
 Metaspace       used 56674K, committed 57984K, reserved 1114112K
  class space    used 6312K, committed 6848K, reserved 1048576K
}
Event: 10.316 GC heap before
{Heap before GC invocations=28 (full 2):
 PSYoungGen      total 22528K, used 22449K [0x00000000d5580000, 0x00000000d6f00000, 0x0000000100000000)
  eden space 19968K, 100% used [0x00000000d5580000,0x00000000d6900000,0x00000000d6900000)
  from space 2560K, 96% used [0x00000000d6900000,0x00000000d6b6c420,0x00000000d6b80000)
  to   space 3072K, 0% used [0x00000000d6c00000,0x00000000d6c00000,0x00000000d6f00000)
 ParOldGen       total 68608K, used 33558K [0x0000000080000000, 0x0000000084300000, 0x00000000d5580000)
  object space 68608K, 48% used [0x0000000080000000,0x00000000820c5828,0x0000000084300000)
 Metaspace       used 56691K, committed 57984K, reserved 1114112K
  class space    used 6312K, committed 6848K, reserved 1048576K
}
Event: 10.320 GC heap after
{Heap after GC invocations=28 (full 2):
 PSYoungGen      total 22528K, used 2338K [0x00000000d5580000, 0x00000000d6e80000, 0x0000000100000000)
  eden space 19968K, 0% used [0x00000000d5580000,0x00000000d5580000,0x00000000d6900000)
  from space 2560K, 91% used [0x00000000d6c00000,0x00000000d6e48800,0x00000000d6e80000)
  to   space 2560K, 0% used [0x00000000d6900000,0x00000000d6900000,0x00000000d6b80000)
 ParOldGen       total 68608K, used 35857K [0x0000000080000000, 0x0000000084300000, 0x00000000d5580000)
  object space 68608K, 52% used [0x0000000080000000,0x0000000082304530,0x0000000084300000)
 Metaspace       used 56691K, committed 57984K, reserved 1114112K
  class space    used 6312K, committed 6848K, reserved 1048576K
}
Event: 10.389 GC heap before
{Heap before GC invocations=29 (full 2):
 PSYoungGen      total 22528K, used 22306K [0x00000000d5580000, 0x00000000d6e80000, 0x0000000100000000)
  eden space 19968K, 100% used [0x00000000d5580000,0x00000000d6900000,0x00000000d6900000)
  from space 2560K, 91% used [0x00000000d6c00000,0x00000000d6e48800,0x00000000d6e80000)
  to   space 2560K, 0% used [0x00000000d6900000,0x00000000d6900000,0x00000000d6b80000)
 ParOldGen       total 68608K, used 35857K [0x0000000080000000, 0x0000000084300000, 0x00000000d5580000)
  object space 68608K, 52% used [0x0000000080000000,0x0000000082304530,0x0000000084300000)
 Metaspace       used 56694K, committed 57984K, reserved 1114112K
  class space    used 6312K, committed 6848K, reserved 1048576K
}
Event: 10.392 GC heap after
{Heap after GC invocations=29 (full 2):
 PSYoungGen      total 22528K, used 2308K [0x00000000d5580000, 0x00000000d6e00000, 0x0000000100000000)
  eden space 19968K, 0% used [0x00000000d5580000,0x00000000d5580000,0x00000000d6900000)
  from space 2560K, 90% used [0x00000000d6900000,0x00000000d6b41000,0x00000000d6b80000)
  to   space 2560K, 0% used [0x00000000d6b80000,0x00000000d6b80000,0x00000000d6e00000)
 ParOldGen       total 68608K, used 37919K [0x0000000080000000, 0x0000000084300000, 0x00000000d5580000)
  object space 68608K, 55% used [0x0000000080000000,0x0000000082507ee0,0x0000000084300000)
 Metaspace       used 56694K, committed 57984K, reserved 1114112K
  class space    used 6312K, committed 6848K, reserved 1048576K
}
Event: 10.467 GC heap before
{Heap before GC invocations=30 (full 2):
 PSYoungGen      total 22528K, used 22276K [0x00000000d5580000, 0x00000000d6e00000, 0x0000000100000000)
  eden space 19968K, 100% used [0x00000000d5580000,0x00000000d6900000,0x00000000d6900000)
  from space 2560K, 90% used [0x00000000d6900000,0x00000000d6b41000,0x00000000d6b80000)
  to   space 2560K, 0% used [0x00000000d6b80000,0x00000000d6b80000,0x00000000d6e00000)
 ParOldGen       total 68608K, used 37919K [0x0000000080000000, 0x0000000084300000, 0x00000000d5580000)
  object space 68608K, 55% used [0x0000000080000000,0x0000000082507ee0,0x0000000084300000)
 Metaspace       used 56725K, committed 58048K, reserved 1114112K
  class space    used 6312K, committed 6848K, reserved 1048576K
}
Event: 10.470 GC heap after
{Heap after GC invocations=30 (full 2):
 PSYoungGen      total 22528K, used 2304K [0x00000000d5580000, 0x00000000d6e00000, 0x0000000100000000)
  eden space 19968K, 0% used [0x00000000d5580000,0x00000000d5580000,0x00000000d6900000)
  from space 2560K, 90% used [0x00000000d6b80000,0x00000000d6dc0010,0x00000000d6e00000)
  to   space 2560K, 0% used [0x00000000d6900000,0x00000000d6900000,0x00000000d6b80000)
 ParOldGen       total 68608K, used 40069K [0x0000000080000000, 0x0000000084300000, 0x00000000d5580000)
  object space 68608K, 58% used [0x0000000080000000,0x0000000082721508,0x0000000084300000)
 Metaspace       used 56725K, committed 58048K, reserved 1114112K
  class space    used 6312K, committed 6848K, reserved 1048576K
}
Event: 10.561 GC heap before
{Heap before GC invocations=31 (full 2):
 PSYoungGen      total 22528K, used 22270K [0x00000000d5580000, 0x00000000d6e00000, 0x0000000100000000)
  eden space 19968K, 99% used [0x00000000d5580000,0x00000000d68ff9d0,0x00000000d6900000)
  from space 2560K, 90% used [0x00000000d6b80000,0x00000000d6dc0010,0x00000000d6e00000)
  to   space 2560K, 0% used [0x00000000d6900000,0x00000000d6900000,0x00000000d6b80000)
 ParOldGen       total 68608K, used 40069K [0x0000000080000000, 0x0000000084300000, 0x00000000d5580000)
  object space 68608K, 58% used [0x0000000080000000,0x0000000082721508,0x0000000084300000)
 Metaspace       used 57409K, committed 58816K, reserved 1114112K
  class space    used 6379K, committed 6976K, reserved 1048576K
}
Event: 10.564 GC heap after
{Heap after GC invocations=31 (full 2):
 PSYoungGen      total 22016K, used 1888K [0x00000000d5580000, 0x00000000d6d00000, 0x0000000100000000)
  eden space 19968K, 0% used [0x00000000d5580000,0x00000000d5580000,0x00000000d6900000)
  from space 2048K, 92% used [0x00000000d6900000,0x00000000d6ad8020,0x00000000d6b00000)
  to   space 2048K, 0% used [0x00000000d6b00000,0x00000000d6b00000,0x00000000d6d00000)
 ParOldGen       total 68608K, used 42277K [0x0000000080000000, 0x0000000084300000, 0x00000000d5580000)
  object space 68608K, 61% used [0x0000000080000000,0x0000000082949518,0x0000000084300000)
 Metaspace       used 57409K, committed 58816K, reserved 1114112K
  class space    used 6379K, committed 6976K, reserved 1048576K
}
Event: 10.748 GC heap before
{Heap before GC invocations=32 (full 2):
 PSYoungGen      total 22016K, used 21856K [0x00000000d5580000, 0x00000000d6d00000, 0x0000000100000000)
  eden space 19968K, 100% used [0x00000000d5580000,0x00000000d6900000,0x00000000d6900000)
  from space 2048K, 92% used [0x00000000d6900000,0x00000000d6ad8020,0x00000000d6b00000)
  to   space 2048K, 0% used [0x00000000d6b00000,0x00000000d6b00000,0x00000000d6d00000)
 ParOldGen       total 68608K, used 42277K [0x0000000080000000, 0x0000000084300000, 0x00000000d5580000)
  object space 68608K, 61% used [0x0000000080000000,0x0000000082949518,0x0000000084300000)
 Metaspace       used 58189K, committed 59648K, reserved 1114112K
  class space    used 6463K, committed 7104K, reserved 1048576K
}
Event: 10.750 GC heap after
{Heap after GC invocations=32 (full 2):
 PSYoungGen      total 18432K, used 2036K [0x00000000d5580000, 0x00000000d7400000, 0x0000000100000000)
  eden space 16384K, 0% used [0x00000000d5580000,0x00000000d5580000,0x00000000d6580000)
  from space 2048K, 99% used [0x00000000d6b00000,0x00000000d6cfd3a8,0x00000000d6d00000)
  to   space 5632K, 0% used [0x00000000d6580000,0x00000000d6580000,0x00000000d6b00000)
 ParOldGen       total 68608K, used 45251K [0x0000000080000000, 0x0000000084300000, 0x00000000d5580000)
  object space 68608K, 65% used [0x0000000080000000,0x0000000082c30fe0,0x0000000084300000)
 Metaspace       used 58189K, committed 59648K, reserved 1114112K
  class space    used 6463K, committed 7104K, reserved 1048576K
}
Event: 10.756 GC heap before
{Heap before GC invocations=33 (full 2):
 PSYoungGen      total 18432K, used 3206K [0x00000000d5580000, 0x00000000d7400000, 0x0000000100000000)
  eden space 16384K, 7% used [0x00000000d5580000,0x00000000d56a4500,0x00000000d6580000)
  from space 2048K, 99% used [0x00000000d6b00000,0x00000000d6cfd3a8,0x00000000d6d00000)
  to   space 5632K, 0% used [0x00000000d6580000,0x00000000d6580000,0x00000000d6b00000)
 ParOldGen       total 68608K, used 45251K [0x0000000080000000, 0x0000000084300000, 0x00000000d5580000)
  object space 68608K, 65% used [0x0000000080000000,0x0000000082c30fe0,0x0000000084300000)
 Metaspace       used 58278K, committed 59776K, reserved 1114112K
  class space    used 6476K, committed 7168K, reserved 1048576K
}
Event: 10.758 GC heap after
{Heap after GC invocations=33 (full 2):
 PSYoungGen      total 22016K, used 368K [0x00000000d5580000, 0x00000000d6e00000, 0x0000000100000000)
  eden space 16384K, 0% used [0x00000000d5580000,0x00000000d5580000,0x00000000d6580000)
  from space 5632K, 6% used [0x00000000d6580000,0x00000000d65dc0c0,0x00000000d6b00000)
  to   space 2560K, 0% used [0x00000000d6b80000,0x00000000d6b80000,0x00000000d6e00000)
 ParOldGen       total 68608K, used 47192K [0x0000000080000000, 0x0000000084300000, 0x00000000d5580000)
  object space 68608K, 68% used [0x0000000080000000,0x0000000082e160a0,0x0000000084300000)
 Metaspace       used 58278K, committed 59776K, reserved 1114112K
  class space    used 6476K, committed 7168K, reserved 1048576K
}
Event: 10.758 GC heap before
{Heap before GC invocations=34 (full 3):
 PSYoungGen      total 22016K, used 368K [0x00000000d5580000, 0x00000000d6e00000, 0x0000000100000000)
  eden space 16384K, 0% used [0x00000000d5580000,0x00000000d5580000,0x00000000d6580000)
  from space 5632K, 6% used [0x00000000d6580000,0x00000000d65dc0c0,0x00000000d6b00000)
  to   space 2560K, 0% used [0x00000000d6b80000,0x00000000d6b80000,0x00000000d6e00000)
 ParOldGen       total 68608K, used 47192K [0x0000000080000000, 0x0000000084300000, 0x00000000d5580000)
  object space 68608K, 68% used [0x0000000080000000,0x0000000082e160a0,0x0000000084300000)
 Metaspace       used 58278K, committed 59776K, reserved 1114112K
  class space    used 6476K, committed 7168K, reserved 1048576K
}
Event: 10.827 GC heap after
{Heap after GC invocations=34 (full 3):
 PSYoungGen      total 22016K, used 0K [0x00000000d5580000, 0x00000000d6e00000, 0x0000000100000000)
  eden space 16384K, 0% used [0x00000000d5580000,0x00000000d5580000,0x00000000d6580000)
  from space 5632K, 0% used [0x00000000d6580000,0x00000000d6580000,0x00000000d6b00000)
  to   space 2560K, 0% used [0x00000000d6b80000,0x00000000d6b80000,0x00000000d6e00000)
 ParOldGen       total 68608K, used 43002K [0x0000000080000000, 0x0000000084300000, 0x00000000d5580000)
  object space 68608K, 62% used [0x0000000080000000,0x00000000829fe800,0x0000000084300000)
 Metaspace       used 58272K, committed 59776K, reserved 1114112K
  class space    used 6474K, committed 7168K, reserved 1048576K
}
Event: 10.961 GC heap before
{Heap before GC invocations=35 (full 3):
 PSYoungGen      total 22016K, used 16384K [0x00000000d5580000, 0x00000000d6e00000, 0x0000000100000000)
  eden space 16384K, 100% used [0x00000000d5580000,0x00000000d6580000,0x00000000d6580000)
  from space 5632K, 0% used [0x00000000d6580000,0x00000000d6580000,0x00000000d6b00000)
  to   space 2560K, 0% used [0x00000000d6b80000,0x00000000d6b80000,0x00000000d6e00000)
 ParOldGen       total 68608K, used 43002K [0x0000000080000000, 0x0000000084300000, 0x00000000d5580000)
  object space 68608K, 62% used [0x0000000080000000,0x00000000829fe800,0x0000000084300000)
 Metaspace       used 59057K, committed 60544K, reserved 1114112K
  class space    used 6562K, committed 7232K, reserved 1048576K
}
Event: 10.962 GC heap after
{Heap after GC invocations=35 (full 3):
 PSYoungGen      total 18944K, used 2534K [0x00000000d5580000, 0x00000000d6e00000, 0x0000000100000000)
  eden space 16384K, 0% used [0x00000000d5580000,0x00000000d5580000,0x00000000d6580000)
  from space 2560K, 99% used [0x00000000d6b80000,0x00000000d6df9af0,0x00000000d6e00000)
  to   space 3072K, 0% used [0x00000000d6800000,0x00000000d6800000,0x00000000d6b00000)
 ParOldGen       total 68608K, used 43010K [0x0000000080000000, 0x0000000084300000, 0x00000000d5580000)
  object space 68608K, 62% used [0x0000000080000000,0x0000000082a00800,0x0000000084300000)
 Metaspace       used 59057K, committed 60544K, reserved 1114112K
  class space    used 6562K, committed 7232K, reserved 1048576K
}
Event: 11.081 GC heap before
{Heap before GC invocations=36 (full 3):
 PSYoungGen      total 18944K, used 18918K [0x00000000d5580000, 0x00000000d6e00000, 0x0000000100000000)
  eden space 16384K, 100% used [0x00000000d5580000,0x00000000d6580000,0x00000000d6580000)
  from space 2560K, 99% used [0x00000000d6b80000,0x00000000d6df9af0,0x00000000d6e00000)
  to   space 3072K, 0% used [0x00000000d6800000,0x00000000d6800000,0x00000000d6b00000)
 ParOldGen       total 68608K, used 43010K [0x0000000080000000, 0x0000000084300000, 0x00000000d5580000)
  object space 68608K, 62% used [0x0000000080000000,0x0000000082a00800,0x0000000084300000)
 Metaspace       used 59536K, committed 61056K, reserved 1114112K
  class space    used 6608K, committed 7296K, reserved 1048576K
}
Event: 11.083 GC heap after
{Heap after GC invocations=36 (full 3):
 PSYoungGen      total 19456K, used 3066K [0x00000000d5580000, 0x00000000d7180000, 0x0000000100000000)
  eden space 16384K, 0% used [0x00000000d5580000,0x00000000d5580000,0x00000000d6580000)
  from space 3072K, 99% used [0x00000000d6800000,0x00000000d6afeb18,0x00000000d6b00000)
  to   space 6144K, 0% used [0x00000000d6b80000,0x00000000d6b80000,0x00000000d7180000)
 ParOldGen       total 68608K, used 45335K [0x0000000080000000, 0x0000000084300000, 0x00000000d5580000)
  object space 68608K, 66% used [0x0000000080000000,0x0000000082c45d90,0x0000000084300000)
 Metaspace       used 59536K, committed 61056K, reserved 1114112K
  class space    used 6608K, committed 7296K, reserved 1048576K
}
Event: 11.146 GC heap before
{Heap before GC invocations=37 (full 3):
 PSYoungGen      total 19456K, used 19421K [0x00000000d5580000, 0x00000000d7180000, 0x0000000100000000)
  eden space 16384K, 99% used [0x00000000d5580000,0x00000000d6578cb8,0x00000000d6580000)
  from space 3072K, 99% used [0x00000000d6800000,0x00000000d6afeb18,0x00000000d6b00000)
  to   space 6144K, 0% used [0x00000000d6b80000,0x00000000d6b80000,0x00000000d7180000)
 ParOldGen       total 68608K, used 45335K [0x0000000080000000, 0x0000000084300000, 0x00000000d5580000)
  object space 68608K, 66% used [0x0000000080000000,0x0000000082c45d90,0x0000000084300000)
 Metaspace       used 60181K, committed 61760K, reserved 1114112K
  class space    used 6654K, committed 7360K, reserved 1048576K
}

