# JRE version: OpenJDK Runtime Environment Temurin-21.0.11+10 (21.0.11+10) (build 21.0.11+10-LTS)
# Java VM: OpenJDK 64-Bit Server VM Temurin-21.0.11+10 (21.0.11+10-LTS, mixed mode, sharing, tiered, compressed oops, compressed class ptrs, parallel gc, windows-amd64)
GC Precious Log:
 CardTable entry size: 512
 CPUs: 12 total, 12 available
 Memory: 15710M
 Large Page Support: Disabled
 NUMA Support: Disabled
 Compressed Oops: Enabled (32-bit)
 Alignments: Space 512K, Generation 512K, Heap 2M
 Heap Min Capacity: 100M
 Heap Initial Capacity: 100M
 Heap Max Capacity: 2G
 Pre-touch: Disabled
 Parallel Workers: 10
Heap:
 PSYoungGen      total 9216K, used 8872K [0x00000000d5580000, 0x00000000d6380000, 0x0000000100000000)
  eden space 4608K, 97% used [0x00000000d5580000,0x00000000d59e7480,0x00000000d5a00000)
  from space 4608K, 94% used [0x00000000d5f00000,0x00000000d6342bc0,0x00000000d6380000)
  to   space 4608K, 42% used [0x00000000d5a00000,0x00000000d5beb530,0x00000000d5e80000)
 ParOldGen       total 405504K, used 405012K [0x0000000080000000, 0x0000000098c00000, 0x00000000d5580000)
  object space 405504K, 99% used [0x0000000080000000,0x0000000098b852b8,0x0000000098c00000)
 Metaspace       used 65386K, committed 66816K, reserved 1114112K
  class space    used 7010K, committed 7616K, reserved 1048576K
GC Heap History (20 events):
Event: 145.221 GC heap after
{Heap after GC invocations=265 (full 3):
 PSYoungGen      total 9728K, used 956K [0x00000000d5580000, 0x00000000d6180000, 0x0000000100000000)
  eden space 8704K, 0% used [0x00000000d5580000,0x00000000d5580000,0x00000000d5e00000)
  from space 1024K, 93% used [0x00000000d6080000,0x00000000d616f238,0x00000000d6180000)
  to   space 1536K, 0% used [0x00000000d5e80000,0x00000000d5e80000,0x00000000d6000000)
 ParOldGen       total 387072K, used 386399K [0x0000000080000000, 0x0000000097a00000, 0x00000000d5580000)
  object space 387072K, 99% used [0x0000000080000000,0x0000000097957cd0,0x0000000097a00000)
 Metaspace       used 65029K, committed 66496K, reserved 1114112K
  class space    used 7005K, committed 7616K, reserved 1048576K
}
Event: 146.270 GC heap before
{Heap before GC invocations=266 (full 3):
 PSYoungGen      total 9728K, used 9660K [0x00000000d5580000, 0x00000000d6180000, 0x0000000100000000)
  eden space 8704K, 100% used [0x00000000d5580000,0x00000000d5e00000,0x00000000d5e00000)
  from space 1024K, 93% used [0x00000000d6080000,0x00000000d616f238,0x00000000d6180000)
  to   space 1536K, 0% used [0x00000000d5e80000,0x00000000d5e80000,0x00000000d6000000)
 ParOldGen       total 387072K, used 386399K [0x0000000080000000, 0x0000000097a00000, 0x00000000d5580000)
  object space 387072K, 99% used [0x0000000080000000,0x0000000097957cd0,0x0000000097a00000)
 Metaspace       used 65056K, committed 66496K, reserved 1114112K
  class space    used 7005K, committed 7616K, reserved 1048576K
}
Event: 146.272 GC heap after
{Heap after GC invocations=266 (full 3):
 PSYoungGen      total 10240K, used 1050K [0x00000000d5580000, 0x00000000d6100000, 0x0000000100000000)
  eden space 8704K, 0% used [0x00000000d5580000,0x00000000d5580000,0x00000000d5e00000)
  from space 1536K, 68% used [0x00000000d5e80000,0x00000000d5f86bc0,0x00000000d6000000)
  to   space 1024K, 0% used [0x00000000d6000000,0x00000000d6000000,0x00000000d6100000)
 ParOldGen       total 387072K, used 386831K [0x0000000080000000, 0x0000000097a00000, 0x00000000d5580000)
  object space 387072K, 99% used [0x0000000080000000,0x00000000979c3d10,0x0000000097a00000)
 Metaspace       used 65056K, committed 66496K, reserved 1114112K
  class space    used 7005K, committed 7616K, reserved 1048576K
}
Event: 147.341 GC heap before
{Heap before GC invocations=267 (full 3):
 PSYoungGen      total 10240K, used 9754K [0x00000000d5580000, 0x00000000d6100000, 0x0000000100000000)
  eden space 8704K, 100% used [0x00000000d5580000,0x00000000d5e00000,0x00000000d5e00000)
  from space 1536K, 68% used [0x00000000d5e80000,0x00000000d5f86bc0,0x00000000d6000000)
  to   space 1024K, 0% used [0x00000000d6000000,0x00000000d6000000,0x00000000d6100000)
 ParOldGen       total 387072K, used 386831K [0x0000000080000000, 0x0000000097a00000, 0x00000000d5580000)
  object space 387072K, 99% used [0x0000000080000000,0x00000000979c3d10,0x0000000097a00000)
 Metaspace       used 65086K, committed 66560K, reserved 1114112K
  class space    used 7005K, committed 7616K, reserved 1048576K
}
Event: 147.343 GC heap after
{Heap after GC invocations=267 (full 3):
 PSYoungGen      total 8192K, used 1006K [0x00000000d5580000, 0x00000000d6500000, 0x0000000100000000)
  eden space 7168K, 0% used [0x00000000d5580000,0x00000000d5580000,0x00000000d5c80000)
  from space 1024K, 98% used [0x00000000d6000000,0x00000000d60fb960,0x00000000d6100000)
  to   space 3584K, 0% used [0x00000000d5c80000,0x00000000d5c80000,0x00000000d6000000)
 ParOldGen       total 389120K, used 388775K [0x0000000080000000, 0x0000000097c00000, 0x00000000d5580000)
  object space 389120K, 99% used [0x0000000080000000,0x0000000097ba9d10,0x0000000097c00000)
 Metaspace       used 65086K, committed 66560K, reserved 1114112K
  class space    used 7005K, committed 7616K, reserved 1048576K
}
Event: 147.376 GC heap before
{Heap before GC invocations=268 (full 3):
 PSYoungGen      total 8192K, used 8144K [0x00000000d5580000, 0x00000000d6500000, 0x0000000100000000)
  eden space 7168K, 99% used [0x00000000d5580000,0x00000000d5c78a38,0x00000000d5c80000)
  from space 1024K, 98% used [0x00000000d6000000,0x00000000d60fb960,0x00000000d6100000)
  to   space 3584K, 0% used [0x00000000d5c80000,0x00000000d5c80000,0x00000000d6000000)
 ParOldGen       total 389120K, used 388775K [0x0000000080000000, 0x0000000097c00000, 0x00000000d5580000)
  object space 389120K, 99% used [0x0000000080000000,0x0000000097ba9d10,0x0000000097c00000)
 Metaspace       used 65086K, committed 66560K, reserved 1114112K
  class space    used 7005K, committed 7616K, reserved 1048576K
}
Event: 147.377 GC heap after
{Heap after GC invocations=268 (full 3):
 PSYoungGen      total 10752K, used 3306K [0x00000000d5580000, 0x00000000d6380000, 0x0000000100000000)
  eden space 7168K, 0% used [0x00000000d5580000,0x00000000d5580000,0x00000000d5c80000)
  from space 3584K, 92% used [0x00000000d5c80000,0x00000000d5fbabc0,0x00000000d6000000)
  to   space 3584K, 0% used [0x00000000d6000000,0x00000000d6000000,0x00000000d6380000)
 ParOldGen       total 389120K, used 388855K [0x0000000080000000, 0x0000000097c00000, 0x00000000d5580000)
  object space 389120K, 99% used [0x0000000080000000,0x0000000097bbdd20,0x0000000097c00000)
 Metaspace       used 65086K, committed 66560K, reserved 1114112K
  class space    used 7005K, committed 7616K, reserved 1048576K
}
Event: 149.459 GC heap before
{Heap before GC invocations=269 (full 3):
 PSYoungGen      total 10752K, used 10474K [0x00000000d5580000, 0x00000000d6380000, 0x0000000100000000)
  eden space 7168K, 100% used [0x00000000d5580000,0x00000000d5c80000,0x00000000d5c80000)
  from space 3584K, 92% used [0x00000000d5c80000,0x00000000d5fbabc0,0x00000000d6000000)
  to   space 3584K, 0% used [0x00000000d6000000,0x00000000d6000000,0x00000000d6380000)
 ParOldGen       total 389120K, used 388855K [0x0000000080000000, 0x0000000097c00000, 0x00000000d5580000)
  object space 389120K, 99% used [0x0000000080000000,0x0000000097bbdd20,0x0000000097c00000)
 Metaspace       used 65265K, committed 66688K, reserved 1114112K
  class space    used 7006K, committed 7616K, reserved 1048576K
}
Event: 149.461 GC heap after
{Heap after GC invocations=269 (full 3):
 PSYoungGen      total 10240K, used 2894K [0x00000000d5580000, 0x00000000d6300000, 0x0000000100000000)
  eden space 7168K, 0% used [0x00000000d5580000,0x00000000d5580000,0x00000000d5c80000)
  from space 3072K, 94% used [0x00000000d6000000,0x00000000d62d3970,0x00000000d6300000)
  to   space 3072K, 0% used [0x00000000d5d00000,0x00000000d5d00000,0x00000000d6000000)
 ParOldGen       total 391168K, used 391167K [0x0000000080000000, 0x0000000097e00000, 0x00000000d5580000)
  object space 391168K, 99% used [0x0000000080000000,0x0000000097dffd20,0x0000000097e00000)
 Metaspace       used 65265K, committed 66688K, reserved 1114112K
  class space    used 7006K, committed 7616K, reserved 1048576K
}
Event: 149.485 GC heap before
{Heap before GC invocations=270 (full 3):
 PSYoungGen      total 10240K, used 10062K [0x00000000d5580000, 0x00000000d6300000, 0x0000000100000000)
  eden space 7168K, 100% used [0x00000000d5580000,0x00000000d5c80000,0x00000000d5c80000)
  from space 3072K, 94% used [0x00000000d6000000,0x00000000d62d3970,0x00000000d6300000)
  to   space 3072K, 0% used [0x00000000d5d00000,0x00000000d5d00000,0x00000000d6000000)
 ParOldGen       total 391168K, used 391167K [0x0000000080000000, 0x0000000097e00000, 0x00000000d5580000)
  object space 391168K, 99% used [0x0000000080000000,0x0000000097dffd20,0x0000000097e00000)
 Metaspace       used 65265K, committed 66688K, reserved 1114112K
  class space    used 7006K, committed 7616K, reserved 1048576K
}
Event: 149.486 GC heap after
{Heap after GC invocations=270 (full 3):
 PSYoungGen      total 9728K, used 2106K [0x00000000d5580000, 0x00000000d6180000, 0x0000000100000000)
  eden space 7168K, 0% used [0x00000000d5580000,0x00000000d5580000,0x00000000d5c80000)
  from space 2560K, 82% used [0x00000000d5d00000,0x00000000d5f0ebc0,0x00000000d5f80000)
  to   space 2048K, 0% used [0x00000000d5f80000,0x00000000d5f80000,0x00000000d6180000)
 ParOldGen       total 392192K, used 392170K [0x0000000080000000, 0x0000000097f00000, 0x00000000d5580000)
  object space 392192K, 99% used [0x0000000080000000,0x0000000097efa808,0x0000000097f00000)
 Metaspace       used 65265K, committed 66688K, reserved 1114112K
  class space    used 7006K, committed 7616K, reserved 1048576K
}
Event: 151.592 GC heap before
{Heap before GC invocations=271 (full 3):
 PSYoungGen      total 9728K, used 9274K [0x00000000d5580000, 0x00000000d6180000, 0x0000000100000000)
  eden space 7168K, 100% used [0x00000000d5580000,0x00000000d5c80000,0x00000000d5c80000)
  from space 2560K, 82% used [0x00000000d5d00000,0x00000000d5f0ebc0,0x00000000d5f80000)
  to   space 2048K, 0% used [0x00000000d5f80000,0x00000000d5f80000,0x00000000d6180000)
 ParOldGen       total 392192K, used 392170K [0x0000000080000000, 0x0000000097f00000, 0x00000000d5580000)
  object space 392192K, 99% used [0x0000000080000000,0x0000000097efa808,0x0000000097f00000)
 Metaspace       used 65340K, committed 66752K, reserved 1114112K
  class space    used 7010K, committed 7616K, reserved 1048576K
}
Event: 151.594 GC heap after
{Heap after GC invocations=271 (full 3):
 PSYoungGen      total 6656K, used 2030K [0x00000000d5580000, 0x00000000d6780000, 0x0000000100000000)
  eden space 4608K, 0% used [0x00000000d5580000,0x00000000d5580000,0x00000000d5a00000)
  from space 2048K, 99% used [0x00000000d5f80000,0x00000000d617b990,0x00000000d6180000)
  to   space 5632K, 0% used [0x00000000d5a00000,0x00000000d5a00000,0x00000000d5f80000)
 ParOldGen       total 395264K, used 395172K [0x0000000080000000, 0x0000000098200000, 0x00000000d5580000)
  object space 395264K, 99% used [0x0000000080000000,0x00000000981e93c8,0x0000000098200000)
 Metaspace       used 65340K, committed 66752K, reserved 1114112K
  class space    used 7010K, committed 7616K, reserved 1048576K
}
Event: 151.601 GC heap before
{Heap before GC invocations=272 (full 3):
 PSYoungGen      total 6656K, used 6619K [0x00000000d5580000, 0x00000000d6780000, 0x0000000100000000)
  eden space 4608K, 99% used [0x00000000d5580000,0x00000000d59fb290,0x00000000d5a00000)
  from space 2048K, 99% used [0x00000000d5f80000,0x00000000d617b990,0x00000000d6180000)
  to   space 5632K, 0% used [0x00000000d5a00000,0x00000000d5a00000,0x00000000d5f80000)
 ParOldGen       total 395264K, used 395172K [0x0000000080000000, 0x0000000098200000, 0x00000000d5580000)
  object space 395264K, 99% used [0x0000000080000000,0x00000000981e93c8,0x0000000098200000)
 Metaspace       used 65340K, committed 66752K, reserved 1114112K
  class space    used 7010K, committed 7616K, reserved 1048576K
}
Event: 151.603 GC heap after
{Heap after GC invocations=272 (full 3):
 PSYoungGen      total 9216K, used 4484K [0x00000000d5580000, 0x00000000d6400000, 0x0000000100000000)
  eden space 4608K, 0% used [0x00000000d5580000,0x00000000d5580000,0x00000000d5a00000)
  from space 4608K, 97% used [0x00000000d5a00000,0x00000000d5e61000,0x00000000d5e80000)
  to   space 5120K, 0% used [0x00000000d5f00000,0x00000000d5f00000,0x00000000d6400000)
 ParOldGen       total 397824K, used 397705K [0x0000000080000000, 0x0000000098480000, 0x00000000d5580000)
  object space 397824K, 99% used [0x0000000080000000,0x00000000984626f8,0x0000000098480000)
 Metaspace       used 65340K, committed 66752K, reserved 1114112K
  class space    used 7010K, committed 7616K, reserved 1048576K
}
Event: 151.618 GC heap before
{Heap before GC invocations=273 (full 3):
 PSYoungGen      total 9216K, used 9092K [0x00000000d5580000, 0x00000000d6400000, 0x0000000100000000)
  eden space 4608K, 100% used [0x00000000d5580000,0x00000000d5a00000,0x00000000d5a00000)
  from space 4608K, 97% used [0x00000000d5a00000,0x00000000d5e61000,0x00000000d5e80000)
  to   space 5120K, 0% used [0x00000000d5f00000,0x00000000d5f00000,0x00000000d6400000)
 ParOldGen       total 397824K, used 397705K [0x0000000080000000, 0x0000000098480000, 0x00000000d5580000)
  object space 397824K, 99% used [0x0000000080000000,0x00000000984626f8,0x0000000098480000)
 Metaspace       used 65340K, committed 66752K, reserved 1114112K
  class space    used 7010K, committed 7616K, reserved 1048576K
}
Event: 151.623 GC heap after
{Heap after GC invocations=273 (full 3):
 PSYoungGen      total 9216K, used 4362K [0x00000000d5580000, 0x00000000d6380000, 0x0000000100000000)
  eden space 4608K, 0% used [0x00000000d5580000,0x00000000d5580000,0x00000000d5a00000)
  from space 4608K, 94% used [0x00000000d5f00000,0x00000000d6342bc0,0x00000000d6380000)
  to   space 4608K, 0% used [0x00000000d5a00000,0x00000000d5a00000,0x00000000d5e80000)
 ParOldGen       total 401920K, used 401897K [0x0000000080000000, 0x0000000098880000, 0x00000000d5580000)
  object space 401920K, 99% used [0x0000000080000000,0x000000009887a6f8,0x0000000098880000)
 Metaspace       used 65340K, committed 66752K, reserved 1114112K
  class space    used 7010K, committed 7616K, reserved 1048576K
}
Event: 153.313 GC heap before
{Heap before GC invocations=274 (full 3):
 PSYoungGen      total 9216K, used 8872K [0x00000000d5580000, 0x00000000d6380000, 0x0000000100000000)
  eden space 4608K, 97% used [0x00000000d5580000,0x00000000d59e7480,0x00000000d5a00000)
  from space 4608K, 94% used [0x00000000d5f00000,0x00000000d6342bc0,0x00000000d6380000)
  to   space 4608K, 0% used [0x00000000d5a00000,0x00000000d5a00000,0x00000000d5e80000)
 ParOldGen       total 401920K, used 401897K [0x0000000080000000, 0x0000000098880000, 0x00000000d5580000)
  object space 401920K, 99% used [0x0000000080000000,0x000000009887a6f8,0x0000000098880000)
 Metaspace       used 65386K, committed 66816K, reserved 1114112K
  class space    used 7010K, committed 7616K, reserved 1048576K
}
Event: 153.317 GC heap after
{Heap after GC invocations=274 (full 3):
 PSYoungGen      total 9216K, used 8872K [0x00000000d5580000, 0x00000000d6380000, 0x0000000100000000)
  eden space 4608K, 97% used [0x00000000d5580000,0x00000000d59e7480,0x00000000d5a00000)
  from space 4608K, 94% used [0x00000000d5f00000,0x00000000d6342bc0,0x00000000d6380000)
  to   space 4608K, 42% used [0x00000000d5a00000,0x00000000d5beb530,0x00000000d5e80000)
 ParOldGen       total 405504K, used 405012K [0x0000000080000000, 0x0000000098c00000, 0x00000000d5580000)
  object space 405504K, 99% used [0x0000000080000000,0x0000000098b852b8,0x0000000098c00000)
 Metaspace       used 65386K, committed 66816K, reserved 1114112K
  class space    used 7010K, committed 7616K, reserved 1048576K
}
Event: 153.317 GC heap before
{Heap before GC invocations=275 (full 4):
 PSYoungGen      total 9216K, used 8872K [0x00000000d5580000, 0x00000000d6380000, 0x0000000100000000)
  eden space 4608K, 97% used [0x00000000d5580000,0x00000000d59e7480,0x00000000d5a00000)
  from space 4608K, 94% used [0x00000000d5f00000,0x00000000d6342bc0,0x00000000d6380000)
  to   space 4608K, 42% used [0x00000000d5a00000,0x00000000d5beb530,0x00000000d5e80000)
 ParOldGen       total 405504K, used 405012K [0x0000000080000000, 0x0000000098c00000, 0x00000000d5580000)
  object space 405504K, 99% used [0x0000000080000000,0x0000000098b852b8,0x0000000098c00000)
 Metaspace       used 65386K, committed 66816K, reserved 1114112K
  class space    used 7010K, committed 7616K, reserved 1048576K
}

